<?xml version="1.0" encoding="UTF-8"?>
<testsuite name="ohtu.lyyrakortti.KassapaateTest" tests="4" skipped="0" failures="0" errors="0" timestamp="2017-11-22T13:16:44" hostname="Eski-PC" time="0.978">
  <properties/>
  <testcase name="korttiaEiLadataJosSummaNegatiivinen" classname="ohtu.lyyrakortti.KassapaateTest" time="0.952"/>
  <testcase name="kortiltaVelotetaanHintaJosRahaaOn" classname="ohtu.lyyrakortti.KassapaateTest" time="0.022"/>
  <testcase name="korttiaLadataanJosSummaPositiivinen" classname="ohtu.lyyrakortti.KassapaateTest" time="0.002"/>
  <testcase name="kortiltaEiVelotetaJosRahaEiRiita" classname="ohtu.lyyrakortti.KassapaateTest" time="0.001"/>
  <system-out><![CDATA[]]></system-out>
  <system-err><![CDATA[]]></system-err>
</testsuite>
